

HI-TECH Software PIC PRO Macro Assembler V9.71a build 6446 
                                                                                               Sat Dec 06 22:41:43 2014

HI-TECH Software Omniscient Code Generator (PRO mode) build 6446
     1                           	processor	12F683
     2                           	opt	pw 120
     3                           	opt	pm
     4                           	psect	config,global,class=CONFIG,delta=2
     5                           	psect	text141,local,class=CODE,delta=2
     6                           	psect	cinit,global,class=CODE,delta=2
     7                           	psect	bssCOMMON,global,class=COMMON,space=1,delta=1
     8                           	psect	bssBANK0,global,class=BANK0,space=1,delta=1
     9                           	psect	cstackCOMMON,global,class=COMMON,space=1,delta=1
    10                           	psect	cstackBANK0,global,class=BANK0,space=1,delta=1
    11                           	psect	maintext,global,class=CODE,delta=2
    12                           	psect	text142,local,class=CODE,delta=2
    13                           	psect	text143,local,class=CODE,delta=2
    14                           	psect	text144,local,class=CODE,delta=2
    15                           	psect	text145,local,class=CODE,delta=2
    16                           	psect	intentry,global,class=CODE,delta=2
    17                           	psect	text146,local,class=CODE,delta=2
    18                           	psect	text147,local,class=CODE,delta=2
    19                           	psect	pa_nodes,global,class=CODE,delta=2
    20                           	dabs	1,0x7E,2
    21  000A                     	;#
    22                           
    23                           	psect	config
    24  2007  30C4               	dw	12484	;#
    25                           
    26                           	psect	text141
    27  0000                     __ptext141:	
    28  001F                     _ADCON0	set	31
    29  0015                     _CCP1CON	set	21
    30  0019                     _CMCON0	set	25
    31  0005                     _GPIO	set	5
    32  000B                     _INTCON	set	11
    33  0012                     _T2CON	set	18
    34  005F                     _GIE	set	95
    35  0028                     _GPIO0	set	40
    36  0029                     _GPIO1	set	41
    37  002A                     _GPIO2	set	42
    38  002B                     _GPIO3	set	43
    39  002C                     _GPIO4	set	44
    40  002D                     _GPIO5	set	45
    41  005E                     _PEIE	set	94
    42  0061                     _TMR2IF	set	97
    43  009F                     _ANSEL	set	159
    44  009B                     _EEADR	set	155
    45  009D                     _EECON2	set	157
    46  009A                     _EEDATA	set	154
    47  008F                     _OSCCON	set	143
    48  0090                     _OSCTUNE	set	144
    49  0092                     _PR2	set	146
    50  0085                     _TRISIO	set	133
    51  040F                     _GPPU	set	1039
    52  04E0                     _RD	set	1248
    53  0461                     _TMR2IE	set	1121
    54  04AC                     _WPU4	set	1196
    55  04E1                     _WR	set	1249
    56  04E2                     _WREN	set	1250
    57                           
    58                           	psect	cinit
    59  0152                     start_initialization:	
    60                           
    61                           ; Clear objects allocated to COMMON
    62  0152  01F9               	clrf	__pbssCOMMON& (0+127)
    63  0153  01FA               	clrf	(__pbssCOMMON+1)& (0+127)
    64  0154  01FB               	clrf	(__pbssCOMMON+2)& (0+127)
    65                           
    66                           ; Clear objects allocated to BANK0
    67  0155  01AB               	clrf	__pbssBANK0& (0+127)
    68  0156  01AC               	clrf	(__pbssBANK0+1)& (0+127)
    69  0157  01AD               	clrf	(__pbssBANK0+2)& (0+127)
    70  0158                     end_of_initialization:	
    71                           ;End of C runtime variable initialization code
    72                           
    73  0158  0183               	clrf	3
    74  0159  280B               	ljmp	_main	;jump to C main() function
    75                           
    76                           	psect	bssCOMMON
    77  0079                     __pbssCOMMON:	
    78  0079                     _idomeres:	
    79  0079                     	ds	2
    80  007B                     _timer2count:	
    81  007B                     	ds	1
    82                           
    83                           	psect	bssBANK0
    84  002B                     __pbssBANK0:	
    85  002B                     _taroltido:	
    86  002B                     	ds	2
    87  002D                     _beallitas:	
    88  002D                     	ds	1
    89                           
    90                           	psect	cstackCOMMON
    91  0070                     __pcstackCOMMON:	
    92  0070                     ?_Buzzer:	
    93  0070                     ?_main:	
    94                           ; 0 bytes @ 0x0
    95                           
    96  0070                     ?i1_Buzzer:	
    97                           ; 0 bytes @ 0x0
    98                           
    99  0070                     ??i1_Buzzer:	
   100                           ; 0 bytes @ 0x0
   101                           
   102  0070                     ?_isr:	
   103                           ; 0 bytes @ 0x0
   104                           
   105                           
   106                           ; 2 bytes @ 0x0
   107  0070                     	ds	3
   108  0073                     i1Buzzer@jelszam:	
   109                           
   110                           ; 1 bytes @ 0x3
   111  0073                     	ds	1
   112  0074                     i1Buzzer@i:	
   113                           
   114                           ; 1 bytes @ 0x4
   115  0074                     	ds	1
   116  0075                     ??_isr:	
   117                           
   118                           ; 0 bytes @ 0x5
   119  0075                     	ds	4
   120                           
   121                           	psect	cstackBANK0
   122  0020                     __pcstackBANK0:	
   123  0020                     ??_Buzzer:	
   124  0020                     ?_EepromWrite:	
   125                           ; 0 bytes @ 0x0
   126                           
   127  0020                     ?_EepromRead:	
   128                           ; 0 bytes @ 0x0
   129                           
   130  0020                     EepromWrite@adat:	
   131                           ; 2 bytes @ 0x0
   132                           
   133                           
   134                           ; 2 bytes @ 0x0
   135  0020                     	ds	2
   136  0022                     ??_EepromRead:	
   137  0022                     ??_EepromWrite:	
   138                           ; 0 bytes @ 0x2
   139                           
   140                           
   141                           ; 0 bytes @ 0x2
   142  0022                     	ds	1
   143  0023                     Buzzer@jelszam:	
   144                           
   145                           ; 1 bytes @ 0x3
   146  0023                     	ds	1
   147  0024                     Buzzer@i:	
   148                           
   149                           ; 1 bytes @ 0x4
   150  0024                     	ds	1
   151  0025                     EepromRead@buffer:	
   152                           
   153                           ; 2 bytes @ 0x5
   154  0025                     	ds	2
   155  0027                     EepromRead@result:	
   156                           
   157                           ; 2 bytes @ 0x7
   158  0027                     	ds	2
   159  0029                     ??_main:	
   160                           
   161                           ; 0 bytes @ 0x9
   162  0029                     	ds	2
   163                           
   164                           	psect	maintext
   165  000B                     __pmaintext:	
   166 ;;Data sizes: Strings 0, constant 0, data 0, bss 6, persistent 0 stack 0
   167 ;;Auto spaces:   Size  Autos    Used
   168 ;; COMMON          14      9      12
   169 ;; BANK0           80     11      14
   170 ;; BANK1           32      0       0
   171 ;;
   172 ;; Pointer list with targets:
   173 ;; ?_EepromRead	unsigned short  size(1) Largest target is 0
   174 ;;
   175 ;;
   176 ;; Critical Paths under _main in COMMON
   177 ;;
   178 ;;   None.
   179 ;;
   180 ;; Critical Paths under _isr in COMMON
   181 ;;
   182 ;;   _isr->i1_Buzzer
   183 ;;
   184 ;; Critical Paths under _main in BANK0
   185 ;;
   186 ;;   _main->_EepromRead
   187 ;;
   188 ;; Critical Paths under _isr in BANK0
   189 ;;
   190 ;;   None.
   191 ;;
   192 ;; Critical Paths under _main in BANK1
   193 ;;
   194 ;;   None.
   195 ;;
   196 ;; Critical Paths under _isr in BANK1
   197 ;;
   198 ;;   None.
   199 ;;
   200 ;;Main: autosize = 0, tempsize = 2, incstack = 0, save=0
   201 ;;
   202 ;;
   203 ;;Call Graph Tables:
   204 ;;
   205 ;; ---------------------------------------------------------------------------------
   206 ;; (Depth) Function   	        Calls       Base Space   Used Autos Params    Refs
   207 ;; ---------------------------------------------------------------------------------
   208 ;; (0) _main                                                 2     2      0     138
   209 ;;                                              9 BANK0      2     2      0
   210 ;;                             _Buzzer
   211 ;;                         _EepromRead
   212 ;;                        _EepromWrite
   213 ;; ---------------------------------------------------------------------------------
   214 ;; (1) _EepromRead                                           9     7      2      48
   215 ;;                                              0 BANK0      9     7      2
   216 ;; ---------------------------------------------------------------------------------
   217 ;; (1) _Buzzer                                               5     5      0      46
   218 ;;                                              0 BANK0      5     5      0
   219 ;; ---------------------------------------------------------------------------------
   220 ;; (1) _EepromWrite                                          2     0      2      44
   221 ;;                                              0 BANK0      2     0      2
   222 ;; ---------------------------------------------------------------------------------
   223 ;; Estimated maximum stack depth 1
   224 ;; ---------------------------------------------------------------------------------
   225 ;; (Depth) Function   	        Calls       Base Space   Used Autos Params    Refs
   226 ;; ---------------------------------------------------------------------------------
   227 ;; (2) _isr                                                  4     4      0     150
   228 ;;                                              5 COMMON     4     4      0
   229 ;;                           i1_Buzzer
   230 ;; ---------------------------------------------------------------------------------
   231 ;; (3) i1_Buzzer                                             5     5      0     150
   232 ;;                                              0 COMMON     5     5      0
   233 ;; ---------------------------------------------------------------------------------
   234 ;; Estimated maximum stack depth 3
   235 ;; ---------------------------------------------------------------------------------
   236 ;; Call Graph Graphs:
   237 ;; _main (ROOT)
   238 ;;   _Buzzer
   239 ;;   _EepromRead
   240 ;;   _EepromWrite
   241 ;;
   242 ;; _isr (ROOT)
   243 ;;   i1_Buzzer
   244 ;;
   245 ;; Address spaces:
   246 ;;Name               Size   Autos  Total    Cost      Usage
   247 ;;BITCOMMON            E      0       0       0        0.0%
   248 ;;EEDATA             100      0       0       0        0.0%
   249 ;;NULL                 0      0       0       0        0.0%
   250 ;;CODE                 0      0       0       0        0.0%
   251 ;;COMMON               E      9       C       1       85.7%
   252 ;;BITSFR0              0      0       0       1        0.0%
   253 ;;SFR0                 0      0       0       1        0.0%
   254 ;;BITSFR1              0      0       0       2        0.0%
   255 ;;SFR1                 0      0       0       2        0.0%
   256 ;;STACK                0      0       5       2        0.0%
   257 ;;BITBANK0            50      0       0       3        0.0%
   258 ;;BANK0               50      B       E       4       17.5%
   259 ;;BANK1               20      0       0       5        0.0%
   260 ;;ABS                  0      0      1A       6        0.0%
   261 ;;BITBANK1            20      0       0       7        0.0%
   262 ;;DATA                 0      0      1F       8        0.0%
   263                           
   264                           
   265 ;; *************** function _main *****************
   266 ;; Defined at:
   267 ;;		line 25 in file "C:\Users\DPTP\Dropbox\PIC_Programozas\P12F683\levilagito\main.c"
   268 ;; Parameters:    Size  Location     Type
   269 ;;		None
   270 ;; Auto vars:     Size  Location     Type
   271 ;;		None
   272 ;; Return value:  Size  Location     Type
   273 ;;		None               void
   274 ;; Registers used:
   275 ;;		wreg, status,2, status,0, pclath, cstack
   276 ;; Tracked objects:
   277 ;;		On entry : 17F/0
   278 ;;		On exit  : 0/0
   279 ;;		Unchanged: 0/0
   280 ;; Data sizes:     COMMON   BANK0   BANK1
   281 ;;      Params:         0       0       0
   282 ;;      Locals:         0       0       0
   283 ;;      Temps:          0       2       0
   284 ;;      Totals:         0       2       0
   285 ;;Total ram usage:        2 bytes
   286 ;; Hardware stack levels required when called:    3
   287 ;; This function calls:
   288 ;;		_Buzzer
   289 ;;		_EepromRead
   290 ;;		_EepromWrite
   291 ;; This function is called by:
   292 ;;		Startup code after reset
   293 ;; This function uses a non-reentrant model
   294 ;;
   295  000B                     _main:	
   296                           
   297                           ;main.c: 27: OSCCON = 0b01110001;
   298                           
   299                           ; Regs used in _main: [wreg+status,2+status,0+pclath+cstack]
   300  000B  3071               	movlw	113
   301  000C  1683               	bsf	3,5	;RP0=1, select bank1
   302  000D  008F               	movwf	15	;volatile
   303                           
   304                           ;main.c: 28: OSCTUNE = 0b00001111;
   305  000E  300F               	movlw	15
   306  000F  0090               	movwf	16	;volatile
   307                           
   308                           ;main.c: 29: TRISIO = 0b00011100;
   309  0010  301C               	movlw	28
   310  0011  0085               	movwf	5	;volatile
   311                           
   312                           ;main.c: 30: GPIO = 0b00000000;
   313  0012  1283               	bcf	3,5	;RP0=0, select bank0
   314  0013  0185               	clrf	5	;volatile
   315                           
   316                           ;main.c: 31: CCP1CON = 0;
   317  0014  0195               	clrf	21	;volatile
   318                           
   319                           ;main.c: 32: CMCON0 = 7;
   320  0015  3007               	movlw	7
   321  0016  0099               	movwf	25	;volatile
   322                           
   323                           ;main.c: 33: ADCON0 = 0;
   324  0017  019F               	clrf	31	;volatile
   325                           
   326                           ;main.c: 34: ANSEL = 0;
   327  0018  1683               	bsf	3,5	;RP0=1, select bank1
   328  0019  019F               	clrf	31	;volatile
   329                           
   330                           ;main.c: 35: GPPU = 1;
   331  001A  1781               	bsf	1,7
   332                           
   333                           ;main.c: 36: WPU4 = 1;
   334  001B  1615               	bsf	21,4
   335                           
   336                           ;main.c: 37: INTCON = 0;
   337  001C  018B               	clrf	11	;volatile
   338                           
   339                           ;main.c: 38: PEIE = 1;
   340  001D  170B               	bsf	11,6
   341                           
   342                           ;main.c: 39: GIE = 1;
   343  001E  178B               	bsf	11,7
   344                           
   345                           ;main.c: 45: PR2 = 125;
   346  001F  307D               	movlw	125
   347  0020  0092               	movwf	18	;volatile
   348                           
   349                           ;main.c: 46: T2CON = 0b01001111;
   350  0021  304F               	movlw	79
   351  0022  1283               	bcf	3,5	;RP0=0, select bank0
   352  0023  0092               	movwf	18	;volatile
   353                           
   354                           ;main.c: 47: TMR2IE = 0;
   355  0024  1683               	bsf	3,5	;RP0=1, select bank1
   356  0025  108C               	bcf	12,1
   357                           
   358                           ;main.c: 48: PEIE = 1;
   359  0026  170B               	bsf	11,6
   360                           
   361                           ;main.c: 49: GIE = 1;
   362  0027  178B               	bsf	11,7
   363                           
   364                           ;main.c: 51: Buzzer(1);
   365  0028  3001               	movlw	1
   366  0029  20EE               	fcall	_Buzzer
   367                           
   368                           ;main.c: 52: taroltido = EepromRead();
   369  002A  20C5               	fcall	_EepromRead
   370  002B  0821               	movf	?_EepromRead+1,w
   371  002C  00AC               	movwf	_taroltido+1
   372  002D  0820               	movf	?_EepromRead,w
   373  002E  00AB               	movwf	_taroltido
   374                           
   375                           ;main.c: 54: if(!GPIO3){
   376  002F  1985               	btfsc	5,3
   377  0030  283B               	goto	l1130
   378  0031                     l384:	
   379  0031  1D85               	btfss	5,3
   380  0032  2831               	goto	l384
   381                           
   382                           ;main.c: 56: Buzzer(5);
   383  0033  3005               	movlw	5
   384  0034  20EE               	fcall	_Buzzer
   385                           
   386                           ;main.c: 57: taroltido = 0;
   387  0035  01AB               	clrf	_taroltido
   388  0036  01AC               	clrf	_taroltido+1
   389                           
   390                           ;main.c: 58: beallitas = 1;
   391  0037  01AD               	clrf	_beallitas
   392  0038  0AAD               	incf	_beallitas,f
   393                           
   394                           ;main.c: 59: TMR2IE = 1;
   395  0039  1683               	bsf	3,5	;RP0=1, select bank1
   396  003A  148C               	bsf	12,1
   397  003B                     l1130:	
   398                           
   399                           ;main.c: 64: if(!GPIO4){
   400  003B  1283               	bcf	3,5	;RP0=0, select bank0
   401  003C  1A05               	btfsc	5,4
   402  003D  284E               	goto	l1148
   403  003E                     l389:	
   404  003E  1E05               	btfss	5,4
   405  003F  283E               	goto	l389
   406                           
   407                           ;main.c: 66: Buzzer(1);
   408  0040  3001               	movlw	1
   409  0041  20EE               	fcall	_Buzzer
   410                           
   411                           ;main.c: 67: if(!GPIO3){
   412  0042  1985               	btfsc	5,3
   413  0043  284B               	goto	l1144
   414  0044                     l393:	
   415  0044  1D85               	btfss	5,3
   416  0045  2844               	goto	l393
   417                           
   418                           ;main.c: 69: Buzzer(4);
   419  0046  3004               	movlw	4
   420  0047  20EE               	fcall	_Buzzer
   421                           
   422                           ;main.c: 70: taroltido = 65535;
   423  0048  30FF               	movlw	255
   424  0049  00AB               	movwf	_taroltido
   425  004A  00AC               	movwf	_taroltido+1
   426  004B                     l1144:	
   427                           
   428                           ;main.c: 71: }
   429                           ;main.c: 72: GPIO1 = 1;
   430  004B  1485               	bsf	5,1
   431                           
   432                           ;main.c: 73: TMR2IE = 1;
   433  004C  1683               	bsf	3,5	;RP0=1, select bank1
   434  004D  148C               	bsf	12,1
   435  004E                     l1148:	
   436                           
   437                           ;main.c: 74: }
   438                           ;main.c: 76: if(!GPIO2){
   439  004E  1283               	bcf	3,5	;RP0=0, select bank0
   440  004F  1905               	btfsc	5,2
   441  0050  2874               	goto	l1168
   442                           
   443                           ;main.c: 77: if(beallitas){
   444  0051  082D               	movf	_beallitas,w
   445  0052  1903               	btfsc	3,2
   446  0053  2864               	goto	l402
   447  0054                     l398:	
   448  0054  1D05               	btfss	5,2
   449  0055  2854               	goto	l398
   450                           
   451                           ;main.c: 79: TMR2IE = 0;
   452  0056  1683               	bsf	3,5	;RP0=1, select bank1
   453  0057  108C               	bcf	12,1
   454                           
   455                           ;main.c: 80: beallitas = 0;
   456  0058  1283               	bcf	3,5	;RP0=0, select bank0
   457  0059  01AD               	clrf	_beallitas
   458                           
   459                           ;main.c: 81: timer2count = 0;
   460  005A  01FB               	clrf	_timer2count
   461                           
   462                           ;main.c: 82: idomeres = 0;
   463  005B  01F9               	clrf	_idomeres
   464  005C  01FA               	clrf	_idomeres+1
   465                           
   466                           ;main.c: 83: EepromWrite(taroltido);
   467  005D  082C               	movf	_taroltido+1,w
   468  005E  00A1               	movwf	?_EepromWrite+1
   469  005F  082B               	movf	_taroltido,w
   470  0060  00A0               	movwf	?_EepromWrite
   471  0061  2137               	fcall	_EepromWrite
   472                           
   473                           ;main.c: 84: Buzzer(10);
   474  0062  300A               	movlw	10
   475  0063  2873               	goto	L1
   476  0064                     l402:	
   477                           ;main.c: 85: }else{
   478                           
   479  0064  1D05               	btfss	5,2
   480  0065  2864               	goto	l402
   481                           
   482                           ;main.c: 87: TMR2IE = 0;
   483  0066  1683               	bsf	3,5	;RP0=1, select bank1
   484  0067  108C               	bcf	12,1
   485                           
   486                           ;main.c: 88: GPIO1 = 0;
   487  0068  1283               	bcf	3,5	;RP0=0, select bank0
   488  0069  1085               	bcf	5,1
   489                           
   490                           ;main.c: 89: taroltido = EepromRead();
   491  006A  20C5               	fcall	_EepromRead
   492  006B  0821               	movf	?_EepromRead+1,w
   493  006C  00AC               	movwf	_taroltido+1
   494  006D  0820               	movf	?_EepromRead,w
   495  006E  00AB               	movwf	_taroltido
   496                           
   497                           ;main.c: 90: timer2count = 0;
   498  006F  01FB               	clrf	_timer2count
   499                           
   500                           ;main.c: 91: idomeres = 0;
   501  0070  01F9               	clrf	_idomeres
   502  0071  01FA               	clrf	_idomeres+1
   503                           
   504                           ;main.c: 92: Buzzer(2);
   505  0072  3002               	movlw	2
   506  0073                     L1:	
   507  0073  20EE               	fcall	_Buzzer
   508  0074                     l1168:	
   509                           
   510                           ;main.c: 93: }
   511                           ;main.c: 94: }
   512                           ;main.c: 95: _delay((unsigned long)((20)*(8000000/4000.0)));
   513  0074  3034               	movlw	52
   514  0075  00AA               	movwf	??_main+1
   515  0076  30F1               	movlw	241
   516  0077  00A9               	movwf	??_main
   517  0078                     u387:	
   518  0078  0BA9               	decfsz	??_main,f
   519  0079  2878               	goto	u387
   520  007A  0BAA               	decfsz	??_main+1,f
   521  007B  2878               	goto	u387
   522  007C  287D               	nop2
   523  007D  283B               	goto	l1130
   524  007E                     __end_of_main:	
   525                           
   526                           	psect	text142
   527  00C5                     __ptext142:	
   528 ;; =============== function _main ends ============
   529                           
   530                           
   531 ;; *************** function _EepromRead *****************
   532 ;; Defined at:
   533 ;;		line 15 in file "C:\Users\DPTP\Dropbox\PIC_Programozas\P12F683\levilagito\functions.c"
   534 ;; Parameters:    Size  Location     Type
   535 ;;		None
   536 ;; Auto vars:     Size  Location     Type
   537 ;;  result          2    7[BANK0 ] unsigned short 
   538 ;;  buffer          2    5[BANK0 ] unsigned short 
   539 ;; Return value:  Size  Location     Type
   540 ;;                  2    0[BANK0 ] unsigned short 
   541 ;; Registers used:
   542 ;;		wreg, status,2
   543 ;; Tracked objects:
   544 ;;		On entry : 20/0
   545 ;;		On exit  : 20/0
   546 ;;		Unchanged: 0/0
   547 ;; Data sizes:     COMMON   BANK0   BANK1
   548 ;;      Params:         0       2       0
   549 ;;      Locals:         0       4       0
   550 ;;      Temps:          0       3       0
   551 ;;      Totals:         0       9       0
   552 ;;Total ram usage:        9 bytes
   553 ;; Hardware stack levels used:    1
   554 ;; Hardware stack levels required when called:    2
   555 ;; This function calls:
   556 ;;		Nothing
   557 ;; This function is called by:
   558 ;;		_main
   559 ;; This function uses a non-reentrant model
   560 ;;
   561  00C5                     _EepromRead:	
   562                           
   563                           ;functions.c: 16: unsigned short buffer;
   564                           ;functions.c: 17: unsigned short result;
   565                           ;functions.c: 18: EEADR = 0;
   566                           
   567                           ; Regs used in _EepromRead: [wreg+status,2]
   568  00C5  1683               	bsf	3,5	;RP0=1, select bank1
   569  00C6  019B               	clrf	27	;volatile
   570                           
   571                           ;functions.c: 19: RD = 1;
   572  00C7  141C               	bsf	28,0
   573                           
   574                           ;functions.c: 20: buffer = EEDATA;
   575  00C8  081A               	movf	26,w	;volatile
   576  00C9  1283               	bcf	3,5	;RP0=0, select bank0
   577  00CA  00A5               	movwf	EepromRead@buffer
   578  00CB  01A6               	clrf	EepromRead@buffer+1
   579                           
   580                           ;functions.c: 21: _delay((unsigned long)((100)*(8000000/4000.0)));
   581  00CC  3002               	movlw	2
   582  00CD  00A4               	movwf	??_EepromRead+2
   583  00CE  3003               	movlw	3
   584  00CF  00A3               	movwf	??_EepromRead+1
   585  00D0  30BA               	movlw	186
   586  00D1  00A2               	movwf	??_EepromRead
   587  00D2                     u397:	
   588  00D2  0BA2               	decfsz	??_EepromRead,f
   589  00D3  28D2               	goto	u397
   590  00D4  0BA3               	decfsz	??_EepromRead+1,f
   591  00D5  28D2               	goto	u397
   592  00D6  0BA4               	decfsz	??_EepromRead+2,f
   593  00D7  28D2               	goto	u397
   594                           
   595                           ;functions.c: 22: EEADR = 1;
   596  00D8  3001               	movlw	1
   597  00D9  1683               	bsf	3,5	;RP0=1, select bank1
   598  00DA  009B               	movwf	27	;volatile
   599                           
   600                           ;functions.c: 23: RD = 1;
   601  00DB  141C               	bsf	28,0
   602                           
   603                           ;functions.c: 24: result = EEDATA;
   604  00DC  081A               	movf	26,w	;volatile
   605  00DD  1283               	bcf	3,5	;RP0=0, select bank0
   606  00DE  00A7               	movwf	EepromRead@result
   607  00DF  01A8               	clrf	EepromRead@result+1
   608                           
   609                           ;functions.c: 25: buffer = buffer << 8;
   610  00E0  0825               	movf	EepromRead@buffer,w
   611  00E1  00A6               	movwf	EepromRead@buffer+1
   612  00E2  01A5               	clrf	EepromRead@buffer
   613                           
   614                           ;functions.c: 26: result = result + buffer;
   615  00E3  0825               	movf	EepromRead@buffer,w
   616  00E4  07A7               	addwf	EepromRead@result,f
   617  00E5  1803               	skipnc
   618  00E6  0AA8               	incf	EepromRead@result+1,f
   619  00E7  0826               	movf	EepromRead@buffer+1,w
   620  00E8  07A8               	addwf	EepromRead@result+1,f
   621                           
   622                           ;functions.c: 27: return result;
   623  00E9  0828               	movf	EepromRead@result+1,w
   624  00EA  00A1               	movwf	?_EepromRead+1
   625  00EB  0827               	movf	EepromRead@result,w
   626  00EC  00A0               	movwf	?_EepromRead
   627  00ED  0008               	return
   628  00EE                     __end_of_EepromRead:	
   629                           
   630                           	psect	text143
   631  00EE                     __ptext143:	
   632 ;; =============== function _EepromRead ends ============
   633                           
   634                           
   635 ;; *************** function _Buzzer *****************
   636 ;; Defined at:
   637 ;;		line 2 in file "C:\Users\DPTP\Dropbox\PIC_Programozas\P12F683\levilagito\functions.c"
   638 ;; Parameters:    Size  Location     Type
   639 ;;  jelszam         1    wreg     unsigned char 
   640 ;; Auto vars:     Size  Location     Type
   641 ;;  jelszam         1    3[BANK0 ] unsigned char 
   642 ;;  i               1    4[BANK0 ] unsigned char 
   643 ;; Return value:  Size  Location     Type
   644 ;;		None               void
   645 ;; Registers used:
   646 ;;		wreg, status,2, status,0
   647 ;; Tracked objects:
   648 ;;		On entry : 0/20
   649 ;;		On exit  : 20/0
   650 ;;		Unchanged: 0/0
   651 ;; Data sizes:     COMMON   BANK0   BANK1
   652 ;;      Params:         0       0       0
   653 ;;      Locals:         0       2       0
   654 ;;      Temps:          0       3       0
   655 ;;      Totals:         0       5       0
   656 ;;Total ram usage:        5 bytes
   657 ;; Hardware stack levels used:    1
   658 ;; Hardware stack levels required when called:    2
   659 ;; This function calls:
   660 ;;		Nothing
   661 ;; This function is called by:
   662 ;;		_main
   663 ;; This function uses a non-reentrant model
   664 ;;
   665  00EE                     _Buzzer:	
   666                           
   667                           ; Regs used in _Buzzer: [wreg+status,2+status,0]
   668                           ;Buzzer@jelszam stored from wreg
   669  00EE  1283               	bcf	3,5	;RP0=0, select bank0
   670  00EF  00A3               	movwf	Buzzer@jelszam
   671                           
   672                           ;functions.c: 3: unsigned char i;
   673                           ;functions.c: 4: for(i=0; i<jelszam; i++){
   674  00F0  01A4               	clrf	Buzzer@i
   675  00F1                     l1060:	
   676  00F1  0823               	movf	Buzzer@jelszam,w
   677  00F2  0224               	subwf	Buzzer@i,w
   678  00F3  1803               	btfsc	3,0
   679  00F4  0008               	return
   680                           
   681                           ;functions.c: 5: GPIO0 = 1;
   682  00F5  1405               	bsf	5,0
   683                           
   684                           ;functions.c: 6: _delay((unsigned long)((100)*(8000000/4000.0)));
   685  00F6  3002               	movlw	2
   686  00F7  00A2               	movwf	??_Buzzer+2
   687  00F8  3003               	movlw	3
   688  00F9  00A1               	movwf	??_Buzzer+1
   689  00FA  30BA               	movlw	186
   690  00FB  00A0               	movwf	??_Buzzer
   691  00FC                     u407:	
   692  00FC  0BA0               	decfsz	??_Buzzer,f
   693  00FD  28FC               	goto	u407
   694  00FE  0BA1               	decfsz	??_Buzzer+1,f
   695  00FF  28FC               	goto	u407
   696  0100  0BA2               	decfsz	??_Buzzer+2,f
   697  0101  28FC               	goto	u407
   698                           
   699                           ;functions.c: 7: GPIO0 = 0;
   700  0102  1283               	bcf	3,5	;RP0=0, select bank0
   701  0103  1005               	bcf	5,0
   702                           
   703                           ;functions.c: 8: _delay((unsigned long)((100)*(8000000/4000.0)));
   704  0104  3002               	movlw	2
   705  0105  00A2               	movwf	??_Buzzer+2
   706  0106  3003               	movlw	3
   707  0107  00A1               	movwf	??_Buzzer+1
   708  0108  30BA               	movlw	186
   709  0109  00A0               	movwf	??_Buzzer
   710  010A                     u417:	
   711  010A  0BA0               	decfsz	??_Buzzer,f
   712  010B  290A               	goto	u417
   713  010C  0BA1               	decfsz	??_Buzzer+1,f
   714  010D  290A               	goto	u417
   715  010E  0BA2               	decfsz	??_Buzzer+2,f
   716  010F  290A               	goto	u417
   717  0110  1283               	bcf	3,5	;RP0=0, select bank0
   718  0111  0AA4               	incf	Buzzer@i,f
   719  0112  28F1               	goto	l1060
   720  0113                     __end_of_Buzzer:	
   721                           
   722                           	psect	text144
   723  0137                     __ptext144:	
   724 ;; =============== function _Buzzer ends ============
   725                           
   726                           
   727 ;; *************** function _EepromWrite *****************
   728 ;; Defined at:
   729 ;;		line 33 in file "C:\Users\DPTP\Dropbox\PIC_Programozas\P12F683\levilagito\functions.c"
   730 ;; Parameters:    Size  Location     Type
   731 ;;  adat            2    0[BANK0 ] unsigned short 
   732 ;; Auto vars:     Size  Location     Type
   733 ;;		None
   734 ;; Return value:  Size  Location     Type
   735 ;;		None               void
   736 ;; Registers used:
   737 ;;		wreg, status,2
   738 ;; Tracked objects:
   739 ;;		On entry : 20/0
   740 ;;		On exit  : 20/20
   741 ;;		Unchanged: FFFDF/0
   742 ;; Data sizes:     COMMON   BANK0   BANK1
   743 ;;      Params:         0       2       0
   744 ;;      Locals:         0       0       0
   745 ;;      Temps:          0       0       0
   746 ;;      Totals:         0       2       0
   747 ;;Total ram usage:        2 bytes
   748 ;; Hardware stack levels used:    1
   749 ;; Hardware stack levels required when called:    2
   750 ;; This function calls:
   751 ;;		Nothing
   752 ;; This function is called by:
   753 ;;		_main
   754 ;; This function uses a non-reentrant model
   755 ;;
   756  0137                     _EepromWrite:	
   757                           
   758                           ;functions.c: 34: EEADR = 0;
   759                           
   760                           ; Regs used in _EepromWrite: [wreg+status,2]
   761  0137  1683               	bsf	3,5	;RP0=1, select bank1
   762  0138  019B               	clrf	27	;volatile
   763                           
   764                           ;functions.c: 35: EEDATA = adat>>8;
   765  0139  1283               	bcf	3,5	;RP0=0, select bank0
   766  013A  0821               	movf	EepromWrite@adat+1,w
   767                           
   768                           ;functions.c: 36: WREN = 1;
   769                           
   770                           ;functions.c: 37: GIE = 0;
   771                           
   772                           ;functions.c: 38: EECON2 = 0x55;
   773                           
   774                           ;functions.c: 39: EECON2 = 0xAA;
   775                           
   776                           ;functions.c: 40: WR = 1;
   777  013B  2148               	fcall	PL2	;call to abstracted procedure
   778  013C                     l374:	
   779                           ;functions.c: 41: while (WR == 1);
   780                           
   781  013C  189C               	btfsc	28,1
   782  013D  293C               	goto	l374
   783                           
   784                           ;functions.c: 42: EEADR = 1;
   785  013E  3001               	movlw	1
   786  013F  009B               	movwf	27	;volatile
   787                           
   788                           ;functions.c: 43: EEDATA = adat;
   789  0140  1283               	bcf	3,5	;RP0=0, select bank0
   790  0141  0820               	movf	EepromWrite@adat,w
   791                           
   792                           ;functions.c: 44: WREN = 1;
   793                           
   794                           ;functions.c: 45: GIE = 0;
   795                           
   796                           ;functions.c: 46: EECON2 = 0x55;
   797                           
   798                           ;functions.c: 47: EECON2 = 0xAA;
   799                           
   800                           ;functions.c: 48: WR = 1;
   801  0142  2148               	fcall	PL2	;call to abstracted procedure
   802  0143                     l377:	
   803                           ;functions.c: 49: while (WR == 1);
   804                           
   805  0143  189C               	btfsc	28,1
   806  0144  2943               	goto	l377
   807                           
   808                           ;functions.c: 50: GIE = 1;
   809  0145  178B               	bsf	11,7
   810                           
   811                           ;functions.c: 51: WREN = 0;
   812  0146  111C               	bcf	28,2
   813  0147  0008               	return
   814  0148                     __end_of_EepromWrite:	
   815  0148                     PL2:	
   816  0148  1683               	bsf	3,5	;RP0=1, select bank1
   817  0149  009A               	movwf	26	;volatile
   818  014A  151C               	bsf	28,2
   819  014B  138B               	bcf	11,7
   820  014C  3055               	movlw	85
   821  014D  009D               	movwf	29	;volatile
   822  014E  30AA               	movlw	170
   823  014F  009D               	movwf	29	;volatile
   824  0150  149C               	bsf	28,1
   825  0151  0008               	return
   826                           
   827                           	psect	text145
   828  007E                     __ptext145:	
   829 ;; =============== function _EepromWrite ends ============
   830                           
   831                           
   832 ;; *************** function _isr *****************
   833 ;; Defined at:
   834 ;;		line 100 in file "C:\Users\DPTP\Dropbox\PIC_Programozas\P12F683\levilagito\main.c"
   835 ;; Parameters:    Size  Location     Type
   836 ;;		None
   837 ;; Auto vars:     Size  Location     Type
   838 ;;		None
   839 ;; Return value:  Size  Location     Type
   840 ;;                  2  409[COMMON] int 
   841 ;; Registers used:
   842 ;;		wreg, status,2, status,0, pclath, cstack
   843 ;; Tracked objects:
   844 ;;		On entry : 0/0
   845 ;;		On exit  : 20/0
   846 ;;		Unchanged: 0/0
   847 ;; Data sizes:     COMMON   BANK0   BANK1
   848 ;;      Params:         0       0       0
   849 ;;      Locals:         0       0       0
   850 ;;      Temps:          4       0       0
   851 ;;      Totals:         4       0       0
   852 ;;Total ram usage:        4 bytes
   853 ;; Hardware stack levels used:    1
   854 ;; Hardware stack levels required when called:    1
   855 ;; This function calls:
   856 ;;		i1_Buzzer
   857 ;; This function is called by:
   858 ;;		Interrupt level 1
   859 ;; This function uses a non-reentrant model
   860 ;;
   861  007E                     _isr:	
   862                           
   863                           ;main.c: 101: if(beallitas){
   864  007E  1283               	bcf	3,5	;RP0=0, select bank0
   865  007F  082D               	movf	_beallitas,w
   866                           
   867                           ;main.c: 110: if(timer2count>99){
   868  0080  3064               	movlw	100
   869  0081  1903               	btfsc	3,2
   870  0082  2897               	goto	L2
   871  0083  027B               	subwf	_timer2count,w
   872  0084  1C03               	skipc
   873  0085  28BB               	goto	i1l1038
   874                           
   875                           ;main.c: 111: GPIO5 = 1;
   876  0086  1685               	bsf	5,5
   877                           
   878                           ;main.c: 112: _delay((unsigned long)((10)*(8000000/4000.0)));
   879  0087  301A               	movlw	26
   880  0088  00F6               	movwf	??_isr+1
   881  0089  30F8               	movlw	248
   882  008A  00F5               	movwf	??_isr
   883  008B                     u42_27:	
   884  008B  0BF5               	decfsz	??_isr,f
   885  008C  288B               	goto	u42_27
   886  008D  0BF6               	decfsz	??_isr+1,f
   887  008E  288B               	goto	u42_27
   888  008F  0064               	clrwdt
   889                           
   890                           ;main.c: 113: GPIO5 = 0;
   891  0090  1283               	bcf	3,5	;RP0=0, select bank0
   892  0091  1285               	bcf	5,5
   893                           
   894                           ;main.c: 114: timer2count = 0;
   895  0092  01FB               	clrf	_timer2count
   896                           
   897                           ;main.c: 115: taroltido++;
   898  0093  0AAB               	incf	_taroltido,f
   899  0094  1903               	skipnz
   900  0095  0AAC               	incf	_taroltido+1,f
   901  0096  28BB               	goto	i1l1038
   902  0097                     L2:	
   903                           ;main.c: 118: if(timer2count>99){
   904                           
   905  0097  027B               	subwf	_timer2count,w
   906  0098  1C03               	skipc
   907  0099  28AA               	goto	i1l1030
   908                           
   909                           ;main.c: 119: GPIO5 = 1;
   910  009A  1685               	bsf	5,5
   911                           
   912                           ;main.c: 120: _delay((unsigned long)((10)*(8000000/4000.0)));
   913  009B  301A               	movlw	26
   914  009C  00F6               	movwf	??_isr+1
   915  009D  30F8               	movlw	248
   916  009E  00F5               	movwf	??_isr
   917  009F                     u43_27:	
   918  009F  0BF5               	decfsz	??_isr,f
   919  00A0  289F               	goto	u43_27
   920  00A1  0BF6               	decfsz	??_isr+1,f
   921  00A2  289F               	goto	u43_27
   922  00A3  0064               	clrwdt
   923                           
   924                           ;main.c: 121: GPIO5 = 0;
   925  00A4  1283               	bcf	3,5	;RP0=0, select bank0
   926  00A5  1285               	bcf	5,5
   927                           
   928                           ;main.c: 122: timer2count = 0;
   929  00A6  01FB               	clrf	_timer2count
   930                           
   931                           ;main.c: 123: idomeres++;
   932  00A7  0AF9               	incf	_idomeres,f
   933  00A8  1903               	skipnz
   934  00A9  0AFA               	incf	_idomeres+1,f
   935  00AA                     i1l1030:	
   936                           
   937                           ;main.c: 124: }
   938                           ;main.c: 125: if(taroltido<=idomeres){
   939  00AA  082C               	movf	_taroltido+1,w
   940  00AB  027A               	subwf	_idomeres+1,w
   941  00AC  1D03               	skipz
   942  00AD  28B0               	goto	u25_25
   943  00AE  082B               	movf	_taroltido,w
   944  00AF  0279               	subwf	_idomeres,w
   945  00B0                     u25_25:	
   946  00B0  1C03               	skipc
   947  00B1  28BB               	goto	i1l1038
   948                           
   949                           ;main.c: 126: TMR2IE = 0;
   950  00B2  1683               	bsf	3,5	;RP0=1, select bank1
   951  00B3  108C               	bcf	12,1
   952                           
   953                           ;main.c: 127: GPIO1 = 0;
   954  00B4  1283               	bcf	3,5	;RP0=0, select bank0
   955  00B5  1085               	bcf	5,1
   956                           
   957                           ;main.c: 128: idomeres = 0;
   958  00B6  01F9               	clrf	_idomeres
   959  00B7  01FA               	clrf	_idomeres+1
   960                           
   961                           ;main.c: 129: timer2count = 0;
   962  00B8  01FB               	clrf	_timer2count
   963                           
   964                           ;main.c: 130: Buzzer(2);
   965  00B9  3002               	movlw	2
   966  00BA  2113               	fcall	i1_Buzzer
   967  00BB                     i1l1038:	
   968                           
   969                           ;main.c: 131: }
   970                           ;main.c: 132: }
   971                           ;main.c: 133: timer2count++;
   972  00BB  0AFB               	incf	_timer2count,f
   973                           
   974                           ;main.c: 134: TMR2IF = 0;
   975  00BC  1283               	bcf	3,5	;RP0=0, select bank0
   976  00BD  108C               	bcf	12,1
   977  00BE  0878               	movf	??_isr+3,w
   978  00BF  008A               	movwf	10
   979  00C0  0877               	movf	??_isr+2,w
   980  00C1  0083               	movwf	3
   981  00C2  0EFE               	swapf	126,f
   982  00C3  0E7E               	swapf	126,w
   983  00C4  0009               	retfie
   984  00C5                     __end_of_isr:	
   985                           
   986                           	psect	intentry
   987  0004                     __pintentry:	
   988                           ; Regs used in _isr: [wreg+status,2+status,0+pclath+cstack]
   989                           
   990  0004                     interrupt_function:	
   991  007E                     saved_w	set	btemp
   992  0004  00FE               	movwf	btemp
   993  0005  0803               	movf	3,w
   994  0006  00F7               	movwf	??_isr+2
   995  0007  080A               	movf	10,w
   996  0008  00F8               	movwf	??_isr+3
   997  0009  287E               	ljmp	_isr
   998                           
   999                           	psect	text146
  1000  0113                     __ptext146:	
  1001 ;; =============== function _isr ends ============
  1002                           
  1003                           
  1004 ;; *************** function i1_Buzzer *****************
  1005 ;; Defined at:
  1006 ;;		line 2 in file "C:\Users\DPTP\Dropbox\PIC_Programozas\P12F683\levilagito\functions.c"
  1007 ;; Parameters:    Size  Location     Type
  1008 ;;  Buzzer          1    wreg     unsigned char 
  1009 ;; Auto vars:     Size  Location     Type
  1010 ;;  Buzzer          1    3[COMMON] unsigned char 
  1011 ;;  Buzzer          1    4[COMMON] unsigned char 
  1012 ;; Return value:  Size  Location     Type
  1013 ;;		None               void
  1014 ;; Registers used:
  1015 ;;		wreg, status,2, status,0
  1016 ;; Tracked objects:
  1017 ;;		On entry : 20/0
  1018 ;;		On exit  : 0/0
  1019 ;;		Unchanged: 0/0
  1020 ;; Data sizes:     COMMON   BANK0   BANK1
  1021 ;;      Params:         0       0       0
  1022 ;;      Locals:         2       0       0
  1023 ;;      Temps:          3       0       0
  1024 ;;      Totals:         5       0       0
  1025 ;;Total ram usage:        5 bytes
  1026 ;; Hardware stack levels used:    1
  1027 ;; This function calls:
  1028 ;;		Nothing
  1029 ;; This function is called by:
  1030 ;;		_isr
  1031 ;; This function uses a non-reentrant model
  1032 ;;
  1033  0113                     i1_Buzzer:	
  1034                           
  1035                           ; Regs used in i1_Buzzer: [wreg+status,2+status,0]
  1036                           ;i1Buzzer@jelszam stored from wreg
  1037  0113  00F3               	movwf	i1Buzzer@jelszam
  1038                           
  1039                           ;functions.c: 3: unsigned char i;
  1040                           ;functions.c: 4: for(i=0; i<jelszam; i++){
  1041  0114  01F4               	clrf	i1Buzzer@i
  1042  0115                     i1l1050:	
  1043  0115  0873               	movf	i1Buzzer@jelszam,w
  1044  0116  0274               	subwf	i1Buzzer@i,w
  1045  0117  1803               	btfsc	3,0
  1046  0118  0008               	return
  1047                           
  1048                           ;functions.c: 5: GPIO0 = 1;
  1049  0119  1283               	bcf	3,5	;RP0=0, select bank0
  1050  011A  1405               	bsf	5,0
  1051                           
  1052                           ;functions.c: 6: _delay((unsigned long)((100)*(8000000/4000.0)));
  1053  011B  3002               	movlw	2
  1054  011C  00F2               	movwf	??i1_Buzzer+2
  1055  011D  3003               	movlw	3
  1056  011E  00F1               	movwf	??i1_Buzzer+1
  1057  011F  30BA               	movlw	186
  1058  0120  00F0               	movwf	??i1_Buzzer
  1059  0121                     u44_27:	
  1060  0121  0BF0               	decfsz	??i1_Buzzer,f
  1061  0122  2921               	goto	u44_27
  1062  0123  0BF1               	decfsz	??i1_Buzzer+1,f
  1063  0124  2921               	goto	u44_27
  1064  0125  0BF2               	decfsz	??i1_Buzzer+2,f
  1065  0126  2921               	goto	u44_27
  1066                           
  1067                           ;functions.c: 7: GPIO0 = 0;
  1068  0127  1283               	bcf	3,5	;RP0=0, select bank0
  1069  0128  1005               	bcf	5,0
  1070                           
  1071                           ;functions.c: 8: _delay((unsigned long)((100)*(8000000/4000.0)));
  1072  0129  3002               	movlw	2
  1073  012A  00F2               	movwf	??i1_Buzzer+2
  1074  012B  3003               	movlw	3
  1075  012C  00F1               	movwf	??i1_Buzzer+1
  1076  012D  30BA               	movlw	186
  1077  012E  00F0               	movwf	??i1_Buzzer
  1078  012F                     u45_27:	
  1079  012F  0BF0               	decfsz	??i1_Buzzer,f
  1080  0130  292F               	goto	u45_27
  1081  0131  0BF1               	decfsz	??i1_Buzzer+1,f
  1082  0132  292F               	goto	u45_27
  1083  0133  0BF2               	decfsz	??i1_Buzzer+2,f
  1084  0134  292F               	goto	u45_27
  1085  0135  0AF4               	incf	i1Buzzer@i,f
  1086  0136  2915               	goto	i1l1050
  1087  0137                     __end_ofi1_Buzzer:	
  1088                           
  1089                           	psect	text147
  1090  0000                     __ptext147:	
  1091 ;; =============== function i1_Buzzer ends ============
  1092                           
  1093  007E                     btemp	set	126	;btemp
  1094  007E                     wtemp0	set	126


HI-TECH Software PICC Macro Assembler V9.71a build 6446 
Symbol Table                                                                                   Sat Dec 06 22:41:43 2014

                  _RD 04E0                    _WR 04E1                   l402 0064                   l371 0000  
                 l380 0000                   l374 013C                   l368 0000                   l384 0031  
                 l377 0143                   l393 0044                   l389 003E                   l398 0054  
                 l990 0000                   l982 0000                   l992 0000                   l984 0000  
                 l994 0000                   l986 0000                   _GIE 005F                   l988 0000  
                 l998 0000                   _PR2 0092                   u407 00FC                   u417 010A  
                 u387 0078                   u397 00D2                   _isr 007E                  l1000 0000  
                l1002 0000                  l1100 0000                  l1110 0000                  l1102 0000  
                l1112 0000                  l1104 0000                  l1130 003B                  l1114 0000  
                l1106 0000                  l1060 00F1                  l1052 0000                  l1124 0000  
                l1116 0000                  l1108 0000                  l1054 0000                  l1070 0000  
                l1062 0000                  l1142 0000                  l1126 0000                  l1118 0000  
                l1056 0000                  l1080 0000                  l1072 0000                  l1064 0000  
                l1160 0000                  l1144 004B                  l1136 0000                  l1128 0000  
                l1058 0000                  l1074 0000                  l1066 0000                  l1162 0000  
                l1154 0000                  l1146 0000                  l1090 0000                  l1076 0000  
                l1068 0000                  l1164 0000                  l1156 0000                  l1148 004E  
                l1092 0000                  l1084 0000                  l1078 0000                  l1166 0000  
                l1158 0000                  l1094 0000                  l1086 0000                  l1168 0074  
                l1096 0000                  l1088 0000                  l1098 0000                  ?_isr 0070  
                _GPIO 0005                  _PEIE 005E                  _GPPU 040F                  _WPU4 04AC  
                _WREN 04E2                  _main 000B                  btemp 007E                  start 000A  
 __end_of_EepromWrite 0148                 ??_isr 0075                 ?_main 0070                 _EEADR 009B  
               _ANSEL 009F            _EepromRead 00C5                 _T2CON 0012                 _GPIO0 0028  
               _GPIO1 0029                 _GPIO2 002A                 _GPIO3 002B                 _GPIO4 002C  
               _GPIO5 002D                 i1l415 0000                 i1l368 0000                 u25_25 00B0  
               u42_27 008B                 u43_27 009F                 u44_27 0121                 u45_27 012F  
    __end_ofi1_Buzzer 0137                 pclath 000A                 status 0003                 wtemp0 007E  
        __end_of_main 007E                ??_main 0029                _ADCON0 001F                _EEDATA 009A  
              _EECON2 009D                _CMCON0 0019                i1l1010 0000                i1l1012 0000  
              i1l1004 0000                i1l1022 0000                i1l1030 00AA                i1l1014 0000  
              i1l1006 0000                i1l1040 0000                i1l1024 0000                i1l1016 0000  
              i1l1050 0115                i1l1042 0000                i1l1034 0000                i1l1026 0000  
              i1l1044 0000                i1l1036 0000                i1l1028 0000                i1l1046 0000  
              i1l1038 00BB                i1l1048 0000                _INTCON 000B           _EepromWrite 0137  
              _OSCCON 008F                _TMR2IE 0461                _TMR2IF 0061                _TRISIO 0085  
              _Buzzer 00EE           ?_EepromRead 0020                saved_w 007E        __pcstackCOMMON 0070  
           ?i1_Buzzer 0070            __pbssBANK0 002B   __size_of_EepromRead 0029               ?_Buzzer 0070  
          __pmaintext 000B            __pintentry 0004               _CCP1CON 0015            ??i1_Buzzer 0070  
             _OSCTUNE 0090               Buzzer@i 0024       __size_of_Buzzer 0025          __size_of_isr 0047  
end_of_initialization 0158          ?_EepromWrite 0020             i1Buzzer@i 0074      EepromRead@buffer 0025  
        ??_EepromRead 0022      EepromRead@result 0027    __end_of_EepromRead 00EE        __end_of_Buzzer 0113  
   __size_ofi1_Buzzer 0024   start_initialization 0152           __end_of_isr 00C5              ??_Buzzer 0020  
         __pbssCOMMON 0079         __pcstackBANK0 0020             _beallitas 002D  __size_of_EepromWrite 0011  
           __ptext141 0000             __ptext142 00C5             __ptext143 00EE             __ptext144 0137  
           __ptext145 007E             __ptext146 0113             __ptext147 0000     interrupt_function 0004  
           _taroltido 002B              i1_Buzzer 0113         Buzzer@jelszam 0023              _idomeres 0079  
       __size_of_main 0073       EepromWrite@adat 0020       i1Buzzer@jelszam 0073              intlevel1 0000  
         _timer2count 007B         ??_EepromWrite 0022  
